Arguments: 
  /Users/macbook/.nvm/versions/node/v18.7.0/bin/node /Users/macbook/.nvm/versions/node/v18.7.0/bin/yarn

PATH: 
  /Users/macbook/.nvm/versions/node/v18.7.0/bin:/usr/local/bin:/usr/bin:/bin:/usr/sbin:/sbin:/usr/local/mysql/bin

Yarn version: 
  1.22.19

Node version: 
  18.7.0

Platform: 
  darwin x64

Trace: 
  Invariant Violation: expected hoisted manifest for "purgecss-webpack-plugin#webpack#terser-webpack-plugin#webpack"
      at invariant (/Users/macbook/.nvm/versions/node/v18.7.0/lib/node_modules/yarn/lib/cli.js:2318:15)
      at _loop2 (/Users/macbook/.nvm/versions/node/v18.7.0/lib/node_modules/yarn/lib/cli.js:91029:9)
      at PackageHoister.init (/Users/macbook/.nvm/versions/node/v18.7.0/lib/node_modules/yarn/lib/cli.js:91099:19)
      at PackageLinker.getFlatHoistedTree (/Users/macbook/.nvm/versions/node/v18.7.0/lib/node_modules/yarn/lib/cli.js:48549:20)
      at PackageLinker.<anonymous> (/Users/macbook/.nvm/versions/node/v18.7.0/lib/node_modules/yarn/lib/cli.js:48560:27)
      at Generator.next (<anonymous>)
      at step (/Users/macbook/.nvm/versions/node/v18.7.0/lib/node_modules/yarn/lib/cli.js:310:30)
      at /Users/macbook/.nvm/versions/node/v18.7.0/lib/node_modules/yarn/lib/cli.js:328:14
      at new Promise (<anonymous>)
      at new F (/Users/macbook/.nvm/versions/node/v18.7.0/lib/node_modules/yarn/lib/cli.js:5305:28)

npm manifest: 
  {
      "name": "boilerplate",
      "version": "1.0.0",
      "description": "Bootstrap, Webpack & Handlebars HTML Boilerplate Template created by Pixel Rocket",
      "scripts": {
          "start": "webpack-dev-server --open",
          "build": "del-cli dist && webpack -p"
      },
      "keywords": [],
      "author": "PixelRocket",
      "license": "MIT",
      "devDependencies": {
          "@babel/core": "^7.12.10",
          "@babel/plugin-syntax-dynamic-import": "^7.8.3",
          "@babel/preset-env": "^7.12.11",
          "autoprefixer": "^9.0.0",
          "babel-loader": "^8.2.2",
          "babel-minify-webpack-plugin": "^0.3.1",
          "copy-webpack-plugin": "^6.0.3",
          "css-loader": "^5.0.1",
          "css-minimizer-webpack-plugin": "^1.2.0",
          "cssnano": "^4.1.10",
          "del-cli": "^3.0.1",
          "file-loader": "^6.2.0",
          "glob-all": "^3.2.1",
          "handlebars-webpack-plugin": "^2.2.1",
          "mini-css-extract-plugin": "^0.8.0",
          "optimize-css-assets-webpack-plugin": "^5.0.3",
          "postcss-loader": "^4.1.0",
          "purgecss-webpack-plugin": "^4.0.3",
          "sass": "^1.32.4",
          "sass-loader": "^10.1.1",
          "style-loader": "^2.0.0",
          "webpack": "^4.44.2",
          "webpack-cli": "^3.3.12",
          "webpack-dev-server": "^3.11.0",
          "webpack-fix-style-only-entries": "^0.5.1",
          "webpack-merge": "^4.2.2"
      },
      "dependencies": {
          "@popperjs/core": "^2.5.4",
          "aos": "^2.3.4",
          "bootstrap": "^5.1.3",
          "jquery": "^3.6.3",
          "swiper": "^7.4.1"
      }
  }

yarn manifest: 
  No manifest

Lockfile: 
  No lockfile
